INFO:root:
######################################################################
# Download for: 20200311
######################################################################

INFO:root:2020-04-11 05:45:37.253320+02:00 | AAPL | 0 | 20200311 

INFO:root:2020-04-11 05:45:37.275970+02:00 | TSLA | 1 | 20200311 

INFO:root:
######################################################################
# Download for: 20200312
######################################################################

INFO:root:2020-04-11 05:45:37.990361+02:00 | AAPL | 0 | 20200312 

INFO:root:2020-04-11 05:45:37.998174+02:00 | TSLA | 1 | 20200312 

INFO:root:
######################################################################
# Download for: 20200313
######################################################################

INFO:root:2020-04-11 05:45:38.816049+02:00 | TSLA | 1 | 20200313 

INFO:root:2020-04-11 05:45:38.816903+02:00 | AAPL | 0 | 20200313 

INFO:root:
######################################################################
# Download for: 20200316
######################################################################

INFO:root:2020-04-11 05:45:39.451820+02:00 | TSLA | 1 | 20200316 

INFO:root:2020-04-11 05:45:39.523076+02:00 | AAPL | 0 | 20200316 

INFO:root:
######################################################################
# Download for: 20200317
######################################################################

INFO:root:2020-04-11 05:45:40.402445+02:00 | TSLA | 1 | 20200317 

INFO:root:2020-04-11 05:45:40.423874+02:00 | AAPL | 0 | 20200317 

INFO:root:
######################################################################
# Download for: 20200318
######################################################################

INFO:root:2020-04-11 05:45:41.215214+02:00 | TSLA | 1 | 20200318 

INFO:root:2020-04-11 05:45:41.290455+02:00 | AAPL | 0 | 20200318 

INFO:root:
######################################################################
# Download for: 20200319
######################################################################

INFO:root:2020-04-11 05:45:42.160162+02:00 | TSLA | 1 | 20200319 

INFO:root:2020-04-11 05:45:42.172177+02:00 | AAPL | 0 | 20200319 

INFO:root:
######################################################################
# Download for: 20200320
######################################################################

INFO:root:2020-04-11 05:45:42.923935+02:00 | TSLA | 1 | 20200320 

INFO:root:2020-04-11 05:45:43.042839+02:00 | AAPL | 0 | 20200320 

INFO:root:
######################################################################
# Download for: 20200323
######################################################################

INFO:root:2020-04-11 05:45:43.687631+02:00 | TSLA | 1 | 20200323 

INFO:root:2020-04-11 05:45:43.751935+02:00 | AAPL | 0 | 20200323 

INFO:root:
######################################################################
# Download for: 20200324
######################################################################

INFO:root:2020-04-11 05:45:44.382511+02:00 | TSLA | 1 | 20200324 

INFO:root:2020-04-11 05:45:44.454046+02:00 | AAPL | 0 | 20200324 

INFO:root:
######################################################################
# Download for: 20200325
######################################################################

INFO:root:2020-04-11 05:45:45.156233+02:00 | AAPL | 0 | 20200325 

INFO:root:2020-04-11 05:45:45.245136+02:00 | TSLA | 1 | 20200325 

INFO:root:
######################################################################
# Download for: 20200326
######################################################################

INFO:root:2020-04-11 05:45:46.000988+02:00 | TSLA | 1 | 20200326 

INFO:root:2020-04-11 05:45:46.007020+02:00 | AAPL | 0 | 20200326 

INFO:root:
######################################################################
# Download for: 20200327
######################################################################

INFO:root:2020-04-11 05:45:46.755996+02:00 | AAPL | 0 | 20200327 

INFO:root:2020-04-11 05:45:47.002010+02:00 | TSLA | 1 | 20200327 

INFO:root:
######################################################################
# Download for: 20200330
######################################################################

INFO:root:2020-04-11 05:45:47.659112+02:00 | AAPL | 0 | 20200330 

INFO:root:2020-04-11 05:45:47.713462+02:00 | TSLA | 1 | 20200330 

INFO:root:
######################################################################
# Download for: 20200331
######################################################################

INFO:root:2020-04-11 05:45:48.287264+02:00 | AAPL | 0 | 20200331 

INFO:root:2020-04-11 05:45:48.407163+02:00 | TSLA | 1 | 20200331 

INFO:root:
######################################################################
# Download for: 20200401
######################################################################

INFO:root:2020-04-11 05:45:49.138754+02:00 | TSLA | 1 | 20200401 

INFO:root:2020-04-11 05:45:49.202816+02:00 | AAPL | 0 | 20200401 

INFO:root:
######################################################################
# Download for: 20200402
######################################################################

INFO:root:2020-04-11 05:45:49.935009+02:00 | AAPL | 0 | 20200402 

INFO:root:2020-04-11 05:45:49.996456+02:00 | TSLA | 1 | 20200402 

INFO:root:
######################################################################
# Download for: 20200403
######################################################################

INFO:root:2020-04-11 05:45:50.719422+02:00 | TSLA | 1 | 20200403 

INFO:root:2020-04-11 05:45:50.724959+02:00 | AAPL | 0 | 20200403 

INFO:root:
######################################################################
# Download for: 20200406
######################################################################

INFO:root:2020-04-11 05:45:51.351792+02:00 | AAPL | 0 | 20200406 

INFO:root:2020-04-11 05:45:51.420833+02:00 | TSLA | 1 | 20200406 

INFO:root:
######################################################################
# Download for: 20200407
######################################################################

INFO:root:2020-04-11 05:45:52.087932+02:00 | TSLA | 1 | 20200407 

INFO:root:2020-04-11 05:45:52.095749+02:00 | AAPL | 0 | 20200407 

INFO:root:
######################################################################
# Download for: 20200408
######################################################################

INFO:root:2020-04-11 05:45:52.705689+02:00 | TSLA | 1 | 20200408 

INFO:root:2020-04-11 05:45:52.756180+02:00 | AAPL | 0 | 20200408 

INFO:root:
######################################################################
# Download for: 20200409
######################################################################

INFO:root:2020-04-11 05:45:53.342850+02:00 | TSLA | 1 | 20200409 

INFO:root:2020-04-11 05:45:53.357474+02:00 | AAPL | 0 | 20200409 

INFO:root:
######################################################################
# Download for: 20200311
######################################################################

INFO:root:2020-04-11 05:50:02.761646+02:00 | TSLA | 1 | 20200311 

INFO:root:2020-04-11 05:50:02.763439+02:00 | AAPL | 0 | 20200311 

INFO:root:2020-04-11 05:50:02.834291+02:00 | INTC | 3 | 20200311 

INFO:root:2020-04-11 05:50:02.841048+02:00 | NFLX | 5 | 20200311 

INFO:root:2020-04-11 05:50:02.893261+02:00 | GOOGL | 2 | 20200311 

INFO:root:2020-04-11 05:50:02.927071+02:00 | UBER | 4 | 20200311 

INFO:root:
######################################################################
# Download for: 20200312
######################################################################

INFO:root:2020-04-11 05:50:03.874030+02:00 | AAPL | 0 | 20200312 

INFO:root:2020-04-11 05:50:03.883869+02:00 | TSLA | 1 | 20200312 

INFO:root:2020-04-11 05:50:03.912515+02:00 | INTC | 3 | 20200312 

INFO:root:2020-04-11 05:50:03.924484+02:00 | GOOGL | 2 | 20200312 

INFO:root:2020-04-11 05:50:03.945992+02:00 | UBER | 4 | 20200312 

INFO:root:2020-04-11 05:50:03.973425+02:00 | NFLX | 5 | 20200312 

INFO:root:
######################################################################
# Download for: 20200313
######################################################################

INFO:root:2020-04-11 05:50:04.748743+02:00 | TSLA | 1 | 20200313 

INFO:root:2020-04-11 05:50:04.751738+02:00 | AAPL | 0 | 20200313 

INFO:root:2020-04-11 05:50:04.754424+02:00 | GOOGL | 2 | 20200313 

INFO:root:2020-04-11 05:50:04.754487+02:00 | INTC | 3 | 20200313 

INFO:root:2020-04-11 05:50:04.796122+02:00 | UBER | 4 | 20200313 

INFO:root:2020-04-11 05:50:04.834747+02:00 | NFLX | 5 | 20200313 

INFO:root:
######################################################################
# Download for: 20200316
######################################################################

INFO:root:2020-04-11 05:50:05.480169+02:00 | AAPL | 0 | 20200316 

INFO:root:2020-04-11 05:50:05.496031+02:00 | TSLA | 1 | 20200316 

INFO:root:2020-04-11 05:50:05.553694+02:00 | GOOGL | 2 | 20200316 

INFO:root:2020-04-11 05:50:05.561545+02:00 | INTC | 3 | 20200316 

INFO:root:2020-04-11 05:50:05.562968+02:00 | NFLX | 5 | 20200316 

INFO:root:2020-04-11 05:50:05.568885+02:00 | UBER | 4 | 20200316 

INFO:root:
######################################################################
# Download for: 20200317
######################################################################

INFO:root:2020-04-11 05:50:06.235191+02:00 | TSLA | 1 | 20200317 

INFO:root:2020-04-11 05:50:06.250468+02:00 | AAPL | 0 | 20200317 

INFO:root:2020-04-11 05:50:06.277276+02:00 | UBER | 4 | 20200317 

INFO:root:2020-04-11 05:50:06.278533+02:00 | INTC | 3 | 20200317 

INFO:root:2020-04-11 05:50:06.284364+02:00 | NFLX | 5 | 20200317 

INFO:root:2020-04-11 05:50:06.292879+02:00 | GOOGL | 2 | 20200317 

INFO:root:
######################################################################
# Download for: 20200318
######################################################################

INFO:root:2020-04-11 05:50:06.935802+02:00 | TSLA | 1 | 20200318 

INFO:root:2020-04-11 05:50:06.944878+02:00 | AAPL | 0 | 20200318 

INFO:root:2020-04-11 05:50:06.947981+02:00 | GOOGL | 2 | 20200318 

INFO:root:2020-04-11 05:50:06.971999+02:00 | INTC | 3 | 20200318 

INFO:root:2020-04-11 05:50:06.981583+02:00 | UBER | 4 | 20200318 

INFO:root:2020-04-11 05:50:06.993521+02:00 | NFLX | 5 | 20200318 

INFO:root:
######################################################################
# Download for: 20200319
######################################################################

INFO:root:2020-04-11 05:50:07.655746+02:00 | UBER | 4 | 20200319 

INFO:root:2020-04-11 05:50:07.661394+02:00 | AAPL | 0 | 20200319 

INFO:root:2020-04-11 05:50:07.668812+02:00 | GOOGL | 2 | 20200319 

INFO:root:2020-04-11 05:50:07.743527+02:00 | TSLA | 1 | 20200319 

INFO:root:2020-04-11 05:50:07.743593+02:00 | INTC | 3 | 20200319 

INFO:root:2020-04-11 05:50:07.749564+02:00 | NFLX | 5 | 20200319 

INFO:root:
######################################################################
# Download for: 20200320
######################################################################

INFO:root:2020-04-11 05:50:08.502380+02:00 | AAPL | 0 | 20200320 

INFO:root:2020-04-11 05:50:08.507916+02:00 | TSLA | 1 | 20200320 

INFO:root:2020-04-11 05:50:08.514125+02:00 | INTC | 3 | 20200320 

INFO:root:2020-04-11 05:50:08.524500+02:00 | GOOGL | 2 | 20200320 

INFO:root:2020-04-11 05:50:08.540378+02:00 | UBER | 4 | 20200320 

INFO:root:2020-04-11 05:50:08.549127+02:00 | NFLX | 5 | 20200320 

INFO:root:
######################################################################
# Download for: 20200323
######################################################################

INFO:root:2020-04-11 05:50:09.221038+02:00 | AAPL | 0 | 20200323 

INFO:root:2020-04-11 05:50:09.237437+02:00 | TSLA | 1 | 20200323 

INFO:root:2020-04-11 05:50:09.276005+02:00 | NFLX | 5 | 20200323 

INFO:root:2020-04-11 05:50:09.276104+02:00 | GOOGL | 2 | 20200323 

INFO:root:2020-04-11 05:50:09.279708+02:00 | UBER | 4 | 20200323 

INFO:root:2020-04-11 05:50:09.316287+02:00 | INTC | 3 | 20200323 

INFO:root:
######################################################################
# Download for: 20200324
######################################################################

INFO:root:2020-04-11 05:50:10.202833+02:00 | AAPL | 0 | 20200324 

INFO:root:2020-04-11 05:50:10.214553+02:00 | TSLA | 1 | 20200324 

INFO:root:2020-04-11 05:50:10.221229+02:00 | GOOGL | 2 | 20200324 

INFO:root:2020-04-11 05:50:10.226313+02:00 | INTC | 3 | 20200324 

INFO:root:2020-04-11 05:50:10.263979+02:00 | UBER | 4 | 20200324 

INFO:root:2020-04-11 05:50:10.292679+02:00 | NFLX | 5 | 20200324 

INFO:root:
######################################################################
# Download for: 20200325
######################################################################

INFO:root:2020-04-11 05:50:11.011356+02:00 | AAPL | 0 | 20200325 

INFO:root:2020-04-11 05:50:11.017083+02:00 | TSLA | 1 | 20200325 

INFO:root:2020-04-11 05:50:11.040058+02:00 | GOOGL | 2 | 20200325 

INFO:root:2020-04-11 05:50:11.055298+02:00 | UBER | 4 | 20200325 

INFO:root:2020-04-11 05:50:11.058514+02:00 | INTC | 3 | 20200325 

INFO:root:2020-04-11 05:50:11.083211+02:00 | NFLX | 5 | 20200325 

INFO:root:
######################################################################
# Download for: 20200326
######################################################################

INFO:root:2020-04-11 05:50:13.058180+02:00 | INTC | 3 | 20200326 

INFO:root:2020-04-11 05:50:13.102908+02:00 | AAPL | 0 | 20200326 

INFO:root:2020-04-11 05:50:13.138770+02:00 | NFLX | 5 | 20200326 

INFO:root:2020-04-11 05:50:13.165410+02:00 | UBER | 4 | 20200326 

INFO:root:2020-04-11 05:50:13.204181+02:00 | TSLA | 1 | 20200326 

INFO:root:2020-04-11 05:50:13.243486+02:00 | GOOGL | 2 | 20200326 

INFO:root:
######################################################################
# Download for: 20200327
######################################################################

INFO:root:2020-04-11 05:50:13.880699+02:00 | AAPL | 0 | 20200327 

INFO:root:2020-04-11 05:50:13.891395+02:00 | GOOGL | 2 | 20200327 

INFO:root:2020-04-11 05:50:13.898674+02:00 | TSLA | 1 | 20200327 

INFO:root:2020-04-11 05:50:13.913029+02:00 | NFLX | 5 | 20200327 

INFO:root:2020-04-11 05:50:13.926059+02:00 | INTC | 3 | 20200327 

INFO:root:2020-04-11 05:50:13.939708+02:00 | UBER | 4 | 20200327 

INFO:root:
######################################################################
# Download for: 20200330
######################################################################

INFO:root:2020-04-11 05:50:14.655829+02:00 | TSLA | 1 | 20200330 

INFO:root:2020-04-11 05:50:14.691134+02:00 | AAPL | 0 | 20200330 

INFO:root:2020-04-11 05:50:14.704418+02:00 | UBER | 4 | 20200330 

INFO:root:2020-04-11 05:50:14.712632+02:00 | GOOGL | 2 | 20200330 

INFO:root:2020-04-11 05:50:14.757313+02:00 | NFLX | 5 | 20200330 

INFO:root:2020-04-11 05:50:14.767703+02:00 | INTC | 3 | 20200330 

INFO:root:
######################################################################
# Download for: 20200331
######################################################################

INFO:root:2020-04-11 05:50:15.404229+02:00 | AAPL | 0 | 20200331 

INFO:root:2020-04-11 05:50:15.409604+02:00 | GOOGL | 2 | 20200331 

INFO:root:2020-04-11 05:50:15.412756+02:00 | TSLA | 1 | 20200331 

INFO:root:2020-04-11 05:50:15.441647+02:00 | UBER | 4 | 20200331 

INFO:root:2020-04-11 05:50:15.442701+02:00 | INTC | 3 | 20200331 

INFO:root:2020-04-11 05:50:15.448649+02:00 | NFLX | 5 | 20200331 

INFO:root:
######################################################################
# Download for: 20200401
######################################################################

INFO:root:2020-04-11 05:50:16.070484+02:00 | AAPL | 0 | 20200401 

INFO:root:2020-04-11 05:50:16.088324+02:00 | GOOGL | 2 | 20200401 

INFO:root:2020-04-11 05:50:16.113740+02:00 | INTC | 3 | 20200401 

INFO:root:2020-04-11 05:50:16.134316+02:00 | UBER | 4 | 20200401 

INFO:root:2020-04-11 05:50:16.143584+02:00 | TSLA | 1 | 20200401 

INFO:root:2020-04-11 05:50:16.155940+02:00 | NFLX | 5 | 20200401 

INFO:root:
######################################################################
# Download for: 20200402
######################################################################

INFO:root:2020-04-11 05:50:16.937955+02:00 | TSLA | 1 | 20200402 

INFO:root:2020-04-11 05:50:16.944747+02:00 | UBER | 4 | 20200402 

INFO:root:2020-04-11 05:50:16.954531+02:00 | GOOGL | 2 | 20200402 

INFO:root:2020-04-11 05:50:16.959608+02:00 | INTC | 3 | 20200402 

INFO:root:2020-04-11 05:50:17.140449+02:00 | AAPL | 0 | 20200402 

INFO:root:2020-04-11 05:50:17.142691+02:00 | NFLX | 5 | 20200402 

INFO:root:
######################################################################
# Download for: 20200403
######################################################################

INFO:root:2020-04-11 05:50:17.714712+02:00 | AAPL | 0 | 20200403 

INFO:root:2020-04-11 05:50:17.734273+02:00 | TSLA | 1 | 20200403 

INFO:root:2020-04-11 05:50:17.742693+02:00 | GOOGL | 2 | 20200403 

INFO:root:2020-04-11 05:50:17.761339+02:00 | INTC | 3 | 20200403 

INFO:root:2020-04-11 05:50:17.773169+02:00 | NFLX | 5 | 20200403 

INFO:root:2020-04-11 05:50:17.790215+02:00 | UBER | 4 | 20200403 

INFO:root:
######################################################################
# Download for: 20200406
######################################################################

INFO:root:2020-04-11 05:50:18.398889+02:00 | TSLA | 1 | 20200406 

INFO:root:2020-04-11 05:50:18.410363+02:00 | AAPL | 0 | 20200406 

INFO:root:2020-04-11 05:50:18.425651+02:00 | GOOGL | 2 | 20200406 

INFO:root:2020-04-11 05:50:18.434062+02:00 | INTC | 3 | 20200406 

INFO:root:2020-04-11 05:50:18.459962+02:00 | NFLX | 5 | 20200406 

INFO:root:2020-04-11 05:50:18.464820+02:00 | UBER | 4 | 20200406 

INFO:root:
######################################################################
# Download for: 20200407
######################################################################

INFO:root:2020-04-11 05:50:19.123214+02:00 | AAPL | 0 | 20200407 

INFO:root:2020-04-11 05:50:19.178570+02:00 | UBER | 4 | 20200407 

INFO:root:2020-04-11 05:50:19.387618+02:00 | TSLA | 1 | 20200407 

INFO:root:2020-04-11 05:50:19.931439+02:00 | GOOGL | 2 | 20200407 

INFO:root:2020-04-11 05:50:19.940755+02:00 | INTC | 3 | 20200407 

INFO:root:2020-04-11 05:50:21.176410+02:00 | NFLX | 5 | 20200407 

INFO:root:
######################################################################
# Download for: 20200408
######################################################################

INFO:root:2020-04-11 05:50:22.269956+02:00 | GOOGL | 2 | 20200408 

INFO:root:2020-04-11 05:50:22.332756+02:00 | NFLX | 5 | 20200408 

INFO:root:2020-04-11 05:50:23.034746+02:00 | AAPL | 0 | 20200408 

INFO:root:2020-04-11 05:50:23.922846+02:00 | TSLA | 1 | 20200408 

INFO:root:2020-04-11 05:50:23.933796+02:00 | UBER | 4 | 20200408 

INFO:root:2020-04-11 05:50:24.003005+02:00 | INTC | 3 | 20200408 

INFO:root:
######################################################################
# Download for: 20200409
######################################################################

INFO:root:2020-04-11 05:50:25.803635+02:00 | NFLX | 5 | 20200409 

INFO:root:2020-04-11 05:50:25.894973+02:00 | INTC | 3 | 20200409 

INFO:root:2020-04-11 05:50:26.164302+02:00 | GOOGL | 2 | 20200409 

INFO:root:2020-04-11 05:50:26.780062+02:00 | TSLA | 1 | 20200409 

INFO:root:2020-04-11 05:50:27.171793+02:00 | AAPL | 0 | 20200409 

INFO:root:2020-04-11 05:50:27.176623+02:00 | UBER | 4 | 20200409 

INFO:root:
######################################################################
# Download for: 20200312
######################################################################

INFO:root:2020-04-11 06:11:48.843220+02:00 | AAPL | 0 | 20200312 

INFO:root:2020-04-11 06:11:48.870671+02:00 | TSLA | 1 | 20200312 

INFO:root:2020-04-11 06:11:48.890648+02:00 | INTC | 3 | 20200312 

INFO:root:2020-04-11 06:11:48.911040+02:00 | GOOGL | 2 | 20200312 

INFO:root:2020-04-11 06:11:48.966224+02:00 | UBER | 4 | 20200312 

INFO:root:2020-04-11 06:11:48.978662+02:00 | NFLX | 5 | 20200312 

INFO:root:
######################################################################
# Download for: 20200313
######################################################################

INFO:root:2020-04-11 06:11:49.968147+02:00 | AAPL | 0 | 20200313 

INFO:root:2020-04-11 06:11:49.971670+02:00 | GOOGL | 2 | 20200313 

INFO:root:2020-04-11 06:11:49.983208+02:00 | TSLA | 1 | 20200313 

INFO:root:2020-04-11 06:11:49.987369+02:00 | UBER | 4 | 20200313 

INFO:root:2020-04-11 06:11:50.011150+02:00 | NFLX | 5 | 20200313 

INFO:root:2020-04-11 06:11:50.025528+02:00 | INTC | 3 | 20200313 

INFO:root:
######################################################################
# Download for: 20200316
######################################################################

INFO:root:2020-04-11 06:11:50.854320+02:00 | AAPL | 0 | 20200316 

INFO:root:2020-04-11 06:11:50.866920+02:00 | GOOGL | 2 | 20200316 

INFO:root:2020-04-11 06:11:50.869724+02:00 | TSLA | 1 | 20200316 

INFO:root:2020-04-11 06:11:50.888474+02:00 | INTC | 3 | 20200316 

INFO:root:2020-04-11 06:11:50.900084+02:00 | UBER | 4 | 20200316 

INFO:root:2020-04-11 06:11:50.977865+02:00 | NFLX | 5 | 20200316 

INFO:root:
######################################################################
# Download for: 20200317
######################################################################

INFO:root:2020-04-11 06:11:51.905392+02:00 | AAPL | 0 | 20200317 

INFO:root:2020-04-11 06:11:51.934109+02:00 | GOOGL | 2 | 20200317 

INFO:root:2020-04-11 06:11:51.934176+02:00 | TSLA | 1 | 20200317 

INFO:root:2020-04-11 06:11:51.954719+02:00 | NFLX | 5 | 20200317 

INFO:root:2020-04-11 06:11:51.968624+02:00 | INTC | 3 | 20200317 

INFO:root:2020-04-11 06:11:52.262410+02:00 | UBER | 4 | 20200317 

INFO:root:
######################################################################
# Download for: 20200318
######################################################################

INFO:root:2020-04-11 06:11:53.108951+02:00 | INTC | 3 | 20200318 

INFO:root:2020-04-11 06:11:53.117611+02:00 | AAPL | 0 | 20200318 

INFO:root:2020-04-11 06:11:53.128450+02:00 | UBER | 4 | 20200318 

INFO:root:2020-04-11 06:11:53.159410+02:00 | GOOGL | 2 | 20200318 

INFO:root:2020-04-11 06:11:53.177164+02:00 | TSLA | 1 | 20200318 

INFO:root:2020-04-11 06:11:53.219156+02:00 | NFLX | 5 | 20200318 

INFO:root:
######################################################################
# Download for: 20200319
######################################################################

INFO:root:2020-04-11 06:11:54.076679+02:00 | GOOGL | 2 | 20200319 

INFO:root:2020-04-11 06:11:54.083820+02:00 | AAPL | 0 | 20200319 

INFO:root:2020-04-11 06:11:54.089977+02:00 | TSLA | 1 | 20200319 

INFO:root:2020-04-11 06:11:54.102357+02:00 | UBER | 4 | 20200319 

INFO:root:2020-04-11 06:11:54.126283+02:00 | INTC | 3 | 20200319 

INFO:root:2020-04-11 06:11:54.143898+02:00 | NFLX | 5 | 20200319 

INFO:root:
######################################################################
# Download for: 20200320
######################################################################

INFO:root:2020-04-11 06:11:54.910487+02:00 | AAPL | 0 | 20200320 

INFO:root:2020-04-11 06:11:54.929161+02:00 | TSLA | 1 | 20200320 

INFO:root:2020-04-11 06:11:54.943557+02:00 | GOOGL | 2 | 20200320 

INFO:root:2020-04-11 06:11:54.953664+02:00 | INTC | 3 | 20200320 

INFO:root:2020-04-11 06:11:54.965455+02:00 | NFLX | 5 | 20200320 

INFO:root:2020-04-11 06:11:54.972954+02:00 | UBER | 4 | 20200320 

INFO:root:
######################################################################
# Download for: 20200323
######################################################################

INFO:root:2020-04-11 06:11:55.804205+02:00 | AAPL | 0 | 20200323 

INFO:root:2020-04-11 06:11:55.878008+02:00 | INTC | 3 | 20200323 

INFO:root:2020-04-11 06:11:55.879336+02:00 | TSLA | 1 | 20200323 

INFO:root:2020-04-11 06:11:55.887117+02:00 | GOOGL | 2 | 20200323 

INFO:root:2020-04-11 06:11:55.913926+02:00 | UBER | 4 | 20200323 

INFO:root:2020-04-11 06:11:56.017554+02:00 | NFLX | 5 | 20200323 

INFO:root:
######################################################################
# Download for: 20200324
######################################################################

INFO:root:2020-04-11 06:11:57.000010+02:00 | AAPL | 0 | 20200324 

INFO:root:2020-04-11 06:11:57.011601+02:00 | TSLA | 1 | 20200324 

INFO:root:2020-04-11 06:11:57.021936+02:00 | UBER | 4 | 20200324 

INFO:root:2020-04-11 06:11:57.028027+02:00 | INTC | 3 | 20200324 

INFO:root:2020-04-11 06:11:57.028684+02:00 | GOOGL | 2 | 20200324 

INFO:root:2020-04-11 06:11:57.033361+02:00 | NFLX | 5 | 20200324 

INFO:root:
######################################################################
# Download for: 20200325
######################################################################

INFO:root:2020-04-11 06:11:57.883186+02:00 | AAPL | 0 | 20200325 

INFO:root:2020-04-11 06:11:57.904840+02:00 | GOOGL | 2 | 20200325 

INFO:root:2020-04-11 06:11:57.932731+02:00 | NFLX | 5 | 20200325 

INFO:root:2020-04-11 06:11:57.938770+02:00 | TSLA | 1 | 20200325 

INFO:root:2020-04-11 06:11:57.966929+02:00 | INTC | 3 | 20200325 

INFO:root:2020-04-11 06:11:58.084632+02:00 | UBER | 4 | 20200325 

INFO:root:
######################################################################
# Download for: 20200326
######################################################################

INFO:root:2020-04-11 06:11:58.927176+02:00 | TSLA | 1 | 20200326 

INFO:root:2020-04-11 06:11:58.948311+02:00 | AAPL | 0 | 20200326 

INFO:root:2020-04-11 06:11:58.969675+02:00 | GOOGL | 2 | 20200326 

INFO:root:2020-04-11 06:11:58.989577+02:00 | NFLX | 5 | 20200326 

INFO:root:2020-04-11 06:11:59.073886+02:00 | INTC | 3 | 20200326 

INFO:root:2020-04-11 06:11:59.078963+02:00 | UBER | 4 | 20200326 

INFO:root:
######################################################################
# Download for: 20200327
######################################################################

INFO:root:2020-04-11 06:11:59.907595+02:00 | AAPL | 0 | 20200327 

INFO:root:2020-04-11 06:11:59.931384+02:00 | TSLA | 1 | 20200327 

INFO:root:2020-04-11 06:11:59.932151+02:00 | INTC | 3 | 20200327 

INFO:root:2020-04-11 06:11:59.942013+02:00 | GOOGL | 2 | 20200327 

INFO:root:2020-04-11 06:11:59.945825+02:00 | UBER | 4 | 20200327 

INFO:root:2020-04-11 06:11:59.976850+02:00 | NFLX | 5 | 20200327 

INFO:root:
######################################################################
# Download for: 20200330
######################################################################

INFO:root:2020-04-11 06:12:00.788031+02:00 | TSLA | 1 | 20200330 

INFO:root:2020-04-11 06:12:00.800130+02:00 | AAPL | 0 | 20200330 

INFO:root:2020-04-11 06:12:00.897496+02:00 | GOOGL | 2 | 20200330 

INFO:root:2020-04-11 06:12:00.907560+02:00 | NFLX | 5 | 20200330 

INFO:root:2020-04-11 06:12:00.907638+02:00 | UBER | 4 | 20200330 

INFO:root:2020-04-11 06:12:00.912244+02:00 | INTC | 3 | 20200330 

INFO:root:
######################################################################
# Download for: 20200331
######################################################################

INFO:root:2020-04-11 06:12:01.725128+02:00 | AAPL | 0 | 20200331 

INFO:root:2020-04-11 06:12:01.753681+02:00 | TSLA | 1 | 20200331 

INFO:root:2020-04-11 06:12:01.761180+02:00 | GOOGL | 2 | 20200331 

INFO:root:2020-04-11 06:12:01.781263+02:00 | INTC | 3 | 20200331 

INFO:root:2020-04-11 06:12:01.798145+02:00 | UBER | 4 | 20200331 

INFO:root:2020-04-11 06:12:01.802218+02:00 | NFLX | 5 | 20200331 

INFO:root:
######################################################################
# Download for: 20200401
######################################################################

INFO:root:2020-04-11 06:12:02.673793+02:00 | TSLA | 1 | 20200401 

INFO:root:2020-04-11 06:12:02.722381+02:00 | INTC | 3 | 20200401 

INFO:root:2020-04-11 06:12:02.724629+02:00 | NFLX | 5 | 20200401 

INFO:root:2020-04-11 06:12:02.729599+02:00 | GOOGL | 2 | 20200401 

INFO:root:2020-04-11 06:12:02.824038+02:00 | AAPL | 0 | 20200401 

INFO:root:2020-04-11 06:12:02.834421+02:00 | UBER | 4 | 20200401 

INFO:root:
######################################################################
# Download for: 20200402
######################################################################

INFO:root:2020-04-11 06:12:03.715385+02:00 | GOOGL | 2 | 20200402 

INFO:root:2020-04-11 06:12:03.715914+02:00 | TSLA | 1 | 20200402 

INFO:root:2020-04-11 06:12:03.722356+02:00 | INTC | 3 | 20200402 

INFO:root:2020-04-11 06:12:03.723791+02:00 | AAPL | 0 | 20200402 

INFO:root:2020-04-11 06:12:03.755283+02:00 | UBER | 4 | 20200402 

INFO:root:2020-04-11 06:12:03.779038+02:00 | NFLX | 5 | 20200402 

INFO:root:
######################################################################
# Download for: 20200403
######################################################################

INFO:root:2020-04-11 06:12:04.691058+02:00 | AAPL | 0 | 20200403 

INFO:root:2020-04-11 06:12:04.752058+02:00 | INTC | 3 | 20200403 

INFO:root:2020-04-11 06:12:04.758523+02:00 | UBER | 4 | 20200403 

INFO:root:2020-04-11 06:12:04.762705+02:00 | TSLA | 1 | 20200403 

INFO:root:2020-04-11 06:12:04.770979+02:00 | GOOGL | 2 | 20200403 

INFO:root:2020-04-11 06:12:04.792184+02:00 | NFLX | 5 | 20200403 

INFO:root:
######################################################################
# Download for: 20200406
######################################################################

INFO:root:2020-04-11 06:12:05.584161+02:00 | TSLA | 1 | 20200406 

INFO:root:2020-04-11 06:12:05.607626+02:00 | AAPL | 0 | 20200406 

INFO:root:2020-04-11 06:12:05.621012+02:00 | GOOGL | 2 | 20200406 

INFO:root:2020-04-11 06:12:05.639572+02:00 | UBER | 4 | 20200406 

INFO:root:2020-04-11 06:12:05.656719+02:00 | NFLX | 5 | 20200406 

INFO:root:2020-04-11 06:12:05.795952+02:00 | INTC | 3 | 20200406 

INFO:root:
######################################################################
# Download for: 20200407
######################################################################

INFO:root:2020-04-11 06:12:06.685647+02:00 | AAPL | 0 | 20200407 

INFO:root:2020-04-11 06:12:06.696083+02:00 | TSLA | 1 | 20200407 

INFO:root:2020-04-11 06:12:06.704532+02:00 | GOOGL | 2 | 20200407 

INFO:root:2020-04-11 06:12:06.714042+02:00 | INTC | 3 | 20200407 

INFO:root:2020-04-11 06:12:06.724277+02:00 | UBER | 4 | 20200407 

INFO:root:2020-04-11 06:12:06.741172+02:00 | NFLX | 5 | 20200407 

INFO:root:
######################################################################
# Download for: 20200408
######################################################################

INFO:root:2020-04-11 06:12:07.555022+02:00 | TSLA | 1 | 20200408 

INFO:root:2020-04-11 06:12:07.563788+02:00 | GOOGL | 2 | 20200408 

INFO:root:2020-04-11 06:12:07.580027+02:00 | UBER | 4 | 20200408 

INFO:root:2020-04-11 06:12:07.587251+02:00 | AAPL | 0 | 20200408 

INFO:root:2020-04-11 06:12:07.587324+02:00 | INTC | 3 | 20200408 

INFO:root:2020-04-11 06:12:07.591774+02:00 | NFLX | 5 | 20200408 

INFO:root:
######################################################################
# Download for: 20200409
######################################################################

INFO:root:2020-04-11 06:12:08.385680+02:00 | AAPL | 0 | 20200409 

INFO:root:2020-04-11 06:12:08.395433+02:00 | TSLA | 1 | 20200409 

INFO:root:2020-04-11 06:12:08.408914+02:00 | GOOGL | 2 | 20200409 

INFO:root:2020-04-11 06:12:08.408873+02:00 | INTC | 3 | 20200409 

INFO:root:2020-04-11 06:12:08.415736+02:00 | UBER | 4 | 20200409 

INFO:root:2020-04-11 06:12:08.434257+02:00 | NFLX | 5 | 20200409 

INFO:root:
######################################################################
# Download for: 20200410
######################################################################

INFO:root:2020-04-11 06:12:09.196078+02:00 | AAPL | 0 | 20200410 | NONE
https://cloud.iexapis.com/stable/stock/AAPL/chart/date/20200410?format=csv&token=pk_ca15e9c3c2914162a9a558b5d42a2a05&chartIEXOnly=true

INFO:root:2020-04-11 06:12:09.196265+02:00 | TSLA | 1 | 20200410 | NONE
https://cloud.iexapis.com/stable/stock/TSLA/chart/date/20200410?format=csv&token=pk_ca15e9c3c2914162a9a558b5d42a2a05&chartIEXOnly=true

INFO:root:2020-04-11 06:12:09.199264+02:00 | INTC | 3 | 20200410 | NONE
https://cloud.iexapis.com/stable/stock/INTC/chart/date/20200410?format=csv&token=pk_ca15e9c3c2914162a9a558b5d42a2a05&chartIEXOnly=true

INFO:root:2020-04-11 06:12:09.201005+02:00 | GOOGL | 2 | 20200410 | NONE
https://cloud.iexapis.com/stable/stock/GOOGL/chart/date/20200410?format=csv&token=pk_ca15e9c3c2914162a9a558b5d42a2a05&chartIEXOnly=true

INFO:root:2020-04-11 06:12:09.203368+02:00 | UBER | 4 | 20200410 | NONE
https://cloud.iexapis.com/stable/stock/UBER/chart/date/20200410?format=csv&token=pk_ca15e9c3c2914162a9a558b5d42a2a05&chartIEXOnly=true

INFO:root:2020-04-11 06:12:09.233869+02:00 | NFLX | 5 | 20200410 | NONE
https://cloud.iexapis.com/stable/stock/NFLX/chart/date/20200410?format=csv&token=pk_ca15e9c3c2914162a9a558b5d42a2a05&chartIEXOnly=true

