INFO:root:
######################################################################
# Download for: 20200312
######################################################################

INFO:root:2020-04-10 15:42:08.070870+02:00 | AACG | 3 | 20200312 

INFO:root:2020-04-10 15:42:08.078497+02:00 | AAMC | 6 | 20200312 

INFO:root:2020-04-10 15:42:08.078915+02:00 | AAME | 7 | 20200312 

INFO:root:2020-04-10 15:42:08.243834+02:00 | AAAU | 2 | 20200312 

INFO:root:2020-04-10 15:42:08.244745+02:00 | AADR | 4 | 20200312 

INFO:root:2020-04-10 15:42:08.251215+02:00 | A | 0 | 20200312 

INFO:root:2020-04-10 15:42:08.254161+02:00 | AAL | 5 | 20200312 

INFO:root:2020-04-10 15:42:08.260955+02:00 | AA | 1 | 20200312 

INFO:root:2020-04-10 15:42:08.780330+02:00 | AAOI | 9 | 20200312 

INFO:root:2020-04-10 15:42:08.780632+02:00 | AAON | 10 | 20200312 

INFO:root:2020-04-10 15:42:08.955296+02:00 | AAN | 8 | 20200312 

INFO:root:2020-04-10 15:42:08.969483+02:00 | AAU | 14 | 20200312 

INFO:root:2020-04-10 15:42:08.969436+02:00 | AAT | 13 | 20200312 

INFO:root:2020-04-10 15:42:09.114708+02:00 | AAWW | 15 | 20200312 

INFO:root:2020-04-10 15:42:09.122086+02:00 | AAP | 11 | 20200312 

INFO:root:2020-04-10 15:42:09.122024+02:00 | AAPL | 12 | 20200312 

INFO:root:2020-04-10 15:42:09.478522+02:00 | AAXJ | 16 | 20200312 

INFO:root:2020-04-10 15:42:09.652712+02:00 | AAXN | 17 | 20200312 

INFO:root:2020-04-10 15:42:09.837486+02:00 | AB | 18 | 20200312 

INFO:root:2020-04-10 15:42:09.851677+02:00 | ABEO | 23 | 20200312 

INFO:root:2020-04-10 15:42:10.029922+02:00 | ABBV | 20 | 20200312 

INFO:root:2020-04-10 15:42:10.031807+02:00 | ABC | 21 | 20200312 

INFO:root:2020-04-10 15:42:10.035737+02:00 | ABB | 19 | 20200312 

INFO:root:2020-04-10 15:42:10.041350+02:00 | ABCB | 22 | 20200312 

INFO:root:2020-04-10 15:42:10.178200+02:00 | ABEQ | 24 | 20200312 

INFO:root:2020-04-10 15:42:10.412965+02:00 | ABEV | 25 | 20200312 

INFO:root:2020-04-10 15:42:10.525496+02:00 | ABIO | 27 | 20200312 

INFO:root:2020-04-10 15:42:10.536187+02:00 | ABG | 26 | 20200312 

INFO:root:2020-04-10 15:42:10.642166+02:00 | ABR-A | 31 | 20200312 

INFO:root:2020-04-10 15:42:10.658233+02:00 | ABMD | 29 | 20200312 

INFO:root:2020-04-10 15:42:10.679583+02:00 | ABR | 30 | 20200312 

INFO:root:2020-04-10 15:42:10.689381+02:00 | ABR-B | 32 | 20200312 

INFO:root:2020-04-10 15:42:10.695931+02:00 | ABM | 28 | 20200312 

INFO:root:2020-04-10 15:42:10.702770+02:00 | ABR-C | 33 | 20200312 

INFO:root:2020-04-10 15:42:10.834847+02:00 | ABTX | 35 | 20200312 

INFO:root:2020-04-10 15:42:10.854201+02:00 | ABT | 34 | 20200312 

INFO:root:2020-04-10 15:42:10.944959+02:00 | AC | 37 | 20200312 

INFO:root:2020-04-10 15:42:10.982130+02:00 | ACA | 38 | 20200312 

INFO:root:2020-04-10 15:42:10.993390+02:00 | ACAM | 40 | 20200312 

INFO:root:2020-04-10 15:42:10.999488+02:00 | ABUS | 36 | 20200312 

INFO:root:2020-04-10 15:42:11.015999+02:00 | ACAMU | 41 | 20200312 

INFO:root:2020-04-10 15:42:11.021559+02:00 | ACAD | 39 | 20200312 

INFO:root:2020-04-10 15:42:11.135153+02:00 | ACAMW | 42 | 20200312 

INFO:root:2020-04-10 15:42:11.169581+02:00 | ACB | 43 | 20200312 

INFO:root:2020-04-10 15:42:11.285370+02:00 | ACBI | 44 | 20200312 

INFO:root:2020-04-10 15:42:11.301749+02:00 | ACCO | 46 | 20200312 

INFO:root:2020-04-10 15:42:11.308689+02:00 | ACER | 49 | 20200312 

INFO:root:2020-04-10 15:42:11.340790+02:00 | ACC | 45 | 20200312 

INFO:root:2020-04-10 15:42:11.384231+02:00 | ACEL+ | 48 | 20200312 

INFO:root:2020-04-10 15:42:11.415148+02:00 | ACEL | 47 | 20200312 

INFO:root:2020-04-10 15:42:11.427398+02:00 | ACES | 50 | 20200312 

INFO:root:2020-04-10 15:42:11.543480+02:00 | ACGL | 51 | 20200312 

INFO:root:2020-04-10 15:42:11.588771+02:00 | ACGLP | 53 | 20200312 

INFO:root:2020-04-10 15:42:11.730717+02:00 | ACHC | 55 | 20200312 

INFO:root:2020-04-10 15:42:11.837011+02:00 | ACH | 54 | 20200312 

INFO:root:2020-04-10 15:42:11.844666+02:00 | ACIO | 58 | 20200312 

INFO:root:2020-04-10 15:42:11.850267+02:00 | ACIU | 59 | 20200312 

INFO:root:2020-04-10 15:42:11.877589+02:00 | ACHV | 56 | 20200312 

INFO:root:2020-04-10 15:42:11.913092+02:00 | ACIA | 57 | 20200312 

INFO:root:2020-04-10 15:42:11.923253+02:00 | ACIW | 60 | 20200312 

INFO:root:2020-04-10 15:42:12.037318+02:00 | ACGLO | 52 | 20200312 

INFO:root:2020-04-10 15:42:12.093058+02:00 | ACLS | 61 | 20200312 

INFO:root:2020-04-10 15:42:12.167223+02:00 | ACMR | 63 | 20200312 

INFO:root:2020-04-10 15:42:12.167148+02:00 | ACNB | 65 | 20200312 

INFO:root:2020-04-10 15:42:12.181804+02:00 | ACM | 62 | 20200312 

INFO:root:2020-04-10 15:42:12.192467+02:00 | ACN | 64 | 20200312 

INFO:root:2020-04-10 15:42:12.209225+02:00 | ACP | 67 | 20200312 

INFO:root:2020-04-10 15:42:12.216944+02:00 | ACOR | 66 | 20200312 

INFO:root:2020-04-10 15:42:12.333008+02:00 | ACRE | 68 | 20200312 

INFO:root:2020-04-10 15:42:12.393425+02:00 | ACRS | 69 | 20200312 

INFO:root:2020-04-10 15:42:12.458262+02:00 | ACRX | 70 | 20200312 

INFO:root:2020-04-10 15:42:12.483795+02:00 | ACST | 73 | 20200312 

INFO:root:2020-04-10 15:42:12.551273+02:00 | ACT | 74 | 20200312 

INFO:root:2020-04-10 15:42:12.553829+02:00 | ACSG | 71 | 20200312 

INFO:root:2020-04-10 15:42:12.565679+02:00 | ACTG | 75 | 20200312 

INFO:root:2020-04-10 15:42:12.620279+02:00 | ACTT | 76 | 20200312 

INFO:root:2020-04-10 15:42:12.812713+02:00 | ACTTU | 77 | 20200312 

INFO:root:2020-04-10 15:42:12.877605+02:00 | ACTTW | 78 | 20200312 

INFO:root:2020-04-10 15:42:12.927056+02:00 | ACWF | 81 | 20200312 

INFO:root:2020-04-10 15:42:12.940118+02:00 | ACV | 80 | 20200312 

INFO:root:2020-04-10 15:42:12.949709+02:00 | ACWI | 82 | 20200312 

INFO:root:2020-04-10 15:42:12.967849+02:00 | ACSI | 72 | 20200312 

INFO:root:2020-04-10 15:42:13.061491+02:00 | ACWV | 83 | 20200312 

INFO:root:2020-04-10 15:42:13.083463+02:00 | ACU | 79 | 20200312 

INFO:root:2020-04-10 15:42:13.102542+02:00 | ACWX | 84 | 20200312 

INFO:root:2020-04-10 15:42:13.178027+02:00 | ACY | 85 | 20200312 

INFO:root:2020-04-10 15:42:13.202827+02:00 | ADAP | 86 | 20200312 

INFO:root:2020-04-10 15:42:13.241585+02:00 | ADC | 88 | 20200312 

INFO:root:2020-04-10 15:42:13.280382+02:00 | ADBE | 87 | 20200312 

INFO:root:2020-04-10 15:42:13.378846+02:00 | ADIL | 91 | 20200312 

INFO:root:2020-04-10 15:42:13.383730+02:00 | ADILW | 92 | 20200312 | NONE
https://cloud.iexapis.com/stable/stock/ADILW/chart/date/20200312?format=csv&token=pk_ca15e9c3c2914162a9a558b5d42a2a05&chartIEXOnly=true

INFO:root:2020-04-10 15:42:13.439602+02:00 | ADES | 89 | 20200312 

INFO:root:2020-04-10 15:42:13.472116+02:00 | ADI | 90 | 20200312 

INFO:root:2020-04-10 15:42:15.182051+02:00 | ADM | 93 | 20200312 

INFO:root:2020-04-10 15:42:15.281942+02:00 | ADMA | 94 | 20200312 

INFO:root:2020-04-10 15:42:15.374758+02:00 | ADP | 99 | 20200312 

INFO:root:2020-04-10 15:42:15.400971+02:00 | ADPT | 100 | 20200312 

INFO:root:2020-04-10 15:42:15.468253+02:00 | ADMS | 97 | 20200312 

INFO:root:2020-04-10 15:42:15.475485+02:00 | ADMP | 96 | 20200312 

INFO:root:2020-04-10 15:42:15.551696+02:00 | ADRE | 101 | 20200312 

INFO:root:2020-04-10 15:42:15.775401+02:00 | ADRO | 102 | 20200312 

INFO:root:2020-04-10 15:42:15.785052+02:00 | ADSW | 105 | 20200312 

INFO:root:2020-04-10 15:42:15.832440+02:00 | ADSK | 104 | 20200312 

INFO:root:2020-04-10 15:42:15.857312+02:00 | ADME | 95 | 20200312 

INFO:root:2020-04-10 15:42:15.898644+02:00 | ADNT | 98 | 20200312 

INFO:root:2020-04-10 15:42:15.994230+02:00 | ADT | 106 | 20200312 

INFO:root:2020-04-10 15:42:16.030812+02:00 | ADS | 103 | 20200312 

INFO:root:2020-04-10 15:42:16.064471+02:00 | ADTN | 107 | 20200312 

INFO:root:2020-04-10 15:42:16.075946+02:00 | ADUS | 108 | 20200312 

INFO:root:2020-04-10 15:42:16.107691+02:00 | ADVM | 109 | 20200312 

INFO:root:2020-04-10 15:42:16.136042+02:00 | ADX | 110 | 20200312 

INFO:root:2020-04-10 15:42:16.272304+02:00 | AE | 113 | 20200312 

INFO:root:2020-04-10 15:42:16.332965+02:00 | AEB | 114 | 20200312 

INFO:root:2020-04-10 15:42:16.372734+02:00 | AEF | 116 | 20200312 

INFO:root:2020-04-10 15:42:16.393657+02:00 | AEE | 115 | 20200312 

INFO:root:2020-04-10 15:42:16.410197+02:00 | ADXN | 111 | 20200312 

INFO:root:2020-04-10 15:42:16.415989+02:00 | AEFC | 117 | 20200312 

INFO:root:2020-04-10 15:42:16.426311+02:00 | ADXS | 112 | 20200312 

INFO:root:2020-04-10 15:42:16.439674+02:00 | AEG | 118 | 20200312 

INFO:root:2020-04-10 15:42:16.552916+02:00 | AEGN | 119 | 20200312 

INFO:root:2020-04-10 15:42:16.651348+02:00 | AEHR | 120 | 20200312 

INFO:root:2020-04-10 15:42:16.660175+02:00 | AEIS | 121 | 20200312 

INFO:root:2020-04-10 15:42:16.726099+02:00 | AEL | 122 | 20200312 

INFO:root:2020-04-10 15:42:16.731656+02:00 | AEL-A | 123 | 20200312 

INFO:root:2020-04-10 15:42:16.766114+02:00 | AEMD | 125 | 20200312 

INFO:root:2020-04-10 15:42:16.772443+02:00 | AEM | 124 | 20200312 

INFO:root:2020-04-10 15:42:16.783968+02:00 | AEO | 126 | 20200312 

INFO:root:2020-04-10 15:42:16.995205+02:00 | AER | 129 | 20200312 

INFO:root:2020-04-10 15:42:17.047920+02:00 | AERI | 130 | 20200312 

INFO:root:2020-04-10 15:42:17.060919+02:00 | AES | 131 | 20200312 

INFO:root:2020-04-10 15:42:17.075508+02:00 | AESE | 132 | 20200312 

INFO:root:2020-04-10 15:42:17.084425+02:00 | AESR | 133 | 20200312 

INFO:root:2020-04-10 15:42:17.091956+02:00 | AEY | 134 | 20200312 

INFO:root:2020-04-10 15:42:17.273851+02:00 | AEYE | 135 | 20200312 

INFO:root:2020-04-10 15:42:17.337047+02:00 | AEZS | 136 | 20200312 

INFO:root:2020-04-10 15:42:17.350920+02:00 | AFB | 137 | 20200312 

INFO:root:2020-04-10 15:42:17.350865+02:00 | AEP | 127 | 20200312 

INFO:root:2020-04-10 15:42:17.361127+02:00 | AFG | 139 | 20200312 

INFO:root:2020-04-10 15:42:17.388827+02:00 | AFC | 138 | 20200312 

INFO:root:2020-04-10 15:42:17.391102+02:00 | AFGB | 140 | 20200312 

INFO:root:2020-04-10 15:42:17.430065+02:00 | AEP-B | 128 | 20200312 

INFO:root:2020-04-10 15:42:17.630559+02:00 | AFGC | 141 | 20200312 

INFO:root:2020-04-10 15:42:17.645270+02:00 | AFI | 144 | 20200312 

INFO:root:2020-04-10 15:42:17.705004+02:00 | AFINP | 147 | 20200312 

INFO:root:2020-04-10 15:42:17.719127+02:00 | AFGH | 142 | 20200312 

INFO:root:2020-04-10 15:42:17.726442+02:00 | AFH | 143 | 20200312 

INFO:root:2020-04-10 15:42:17.726566+02:00 | AFIF | 145 | 20200312 

INFO:root:2020-04-10 15:42:17.737606+02:00 | AFIN | 146 | 20200312 

INFO:root:2020-04-10 15:42:17.857021+02:00 | AFK | 148 | 20200312 

INFO:root:2020-04-10 15:42:17.933992+02:00 | AFLG | 150 | 20200312 

INFO:root:2020-04-10 15:42:17.945040+02:00 | AFL | 149 | 20200312 

INFO:root:2020-04-10 15:42:17.999533+02:00 | AFMC | 151 | 20200312 

INFO:root:2020-04-10 15:42:18.016796+02:00 | AFMD | 152 | 20200312 

INFO:root:2020-04-10 15:42:18.033211+02:00 | AFTY | 155 | 20200312 

INFO:root:2020-04-10 15:42:18.038191+02:00 | AFSM | 153 | 20200312 

INFO:root:2020-04-10 15:42:18.042979+02:00 | AFT | 154 | 20200312 

INFO:root:2020-04-10 15:42:18.173996+02:00 | AFYA | 156 | 20200312 

INFO:root:2020-04-10 15:42:18.220112+02:00 | AGBA | 158 | 20200312 

INFO:root:2020-04-10 15:42:18.266715+02:00 | AGBAU | 160 | 20200312 | NONE
https://cloud.iexapis.com/stable/stock/AGBAU/chart/date/20200312?format=csv&token=pk_ca15e9c3c2914162a9a558b5d42a2a05&chartIEXOnly=true

INFO:root:2020-04-10 15:42:18.273912+02:00 | AG | 157 | 20200312 

INFO:root:2020-04-10 15:42:18.287180+02:00 | AGBAR | 159 | 20200312 

INFO:root:2020-04-10 15:42:18.337723+02:00 | AGBAW | 161 | 20200312 

INFO:root:2020-04-10 15:42:18.355372+02:00 | AGCO | 162 | 20200312 

INFO:root:2020-04-10 15:42:18.457101+02:00 | AGD | 163 | 20200312 

INFO:root:2020-04-10 15:42:18.478164+02:00 | AGE | 164 | 20200312 

INFO:root:2020-04-10 15:42:18.558682+02:00 | AGEN | 165 | 20200312 

INFO:root:2020-04-10 15:42:18.574902+02:00 | AGFS | 166 | 20200312 

INFO:root:2020-04-10 15:42:18.626067+02:00 | AGGY | 170 | 20200312 

INFO:root:2020-04-10 15:42:18.635807+02:00 | AGGP | 169 | 20200312 

INFO:root:2020-04-10 15:42:18.677435+02:00 | AGFSW | 167 | 20200312 

INFO:root:2020-04-10 15:42:18.812569+02:00 | AGIO | 172 | 20200312 

INFO:root:2020-04-10 15:42:18.855677+02:00 | AGLE | 173 | 20200312 

INFO:root:2020-04-10 15:42:18.919287+02:00 | AGM-A | 175 | 20200312 

INFO:root:2020-04-10 15:42:18.948025+02:00 | AGM-C | 176 | 20200312 

INFO:root:2020-04-10 15:42:19.175265+02:00 | AGMH | 179 | 20200312 

INFO:root:2020-04-10 15:42:19.247350+02:00 | AGN | 180 | 20200312 

INFO:root:2020-04-10 15:42:19.297670+02:00 | AGM-D | 177 | 20200312 

INFO:root:2020-04-10 15:42:19.456585+02:00 | AGNC | 181 | 20200312 

INFO:root:2020-04-10 15:42:19.492763+02:00 | AGNCM | 182 | 20200312 

INFO:root:2020-04-10 15:42:19.584086+02:00 | AGNCO | 184 | 20200312 

INFO:root:2020-04-10 15:42:19.775541+02:00 | AGNCP | 185 | 20200312 

INFO:root:2020-04-10 15:42:19.784510+02:00 | AGI | 171 | 20200312 

INFO:root:2020-04-10 15:42:19.836349+02:00 | AGG | 168 | 20200312 

INFO:root:2020-04-10 15:42:19.851040+02:00 | AGM.A | 178 | 20200312 

INFO:root:2020-04-10 15:42:19.902598+02:00 | AGM | 174 | 20200312 

INFO:root:2020-04-10 15:42:19.911965+02:00 | AGO | 187 | 20200312 

INFO:root:2020-04-10 15:42:19.942646+02:00 | AGNCN | 183 | 20200312 

INFO:root:2020-04-10 15:42:20.103745+02:00 | AGO-E | 189 | 20200312 

INFO:root:2020-04-10 15:42:20.149530+02:00 | AGQ | 191 | 20200312 

INFO:root:2020-04-10 15:42:20.196220+02:00 | AGO-F | 190 | 20200312 

INFO:root:2020-04-10 15:42:20.256118+02:00 | AGR | 192 | 20200312 

INFO:root:2020-04-10 15:42:20.300813+02:00 | AGRX | 194 | 20200312 

INFO:root:2020-04-10 15:42:20.318052+02:00 | AGND | 186 | 20200312 | NONE
https://cloud.iexapis.com/stable/stock/AGND/chart/date/20200312?format=csv&token=pk_ca15e9c3c2914162a9a558b5d42a2a05&chartIEXOnly=true

INFO:root:2020-04-10 15:42:20.409852+02:00 | AGO-B | 188 | 20200312 

INFO:root:2020-04-10 15:42:20.563947+02:00 | AGX | 198 | 20200312 

INFO:root:2020-04-10 15:42:20.624130+02:00 | AGYS | 199 | 20200312 

INFO:root:2020-04-10 15:42:20.782366+02:00 | AGTC | 197 | 20200312 

INFO:root:2020-04-10 15:42:20.930755+02:00 | AHCO | 203 | 20200312 

INFO:root:2020-04-10 15:42:20.970712+02:00 | AHC | 202 | 20200312 

INFO:root:2020-04-10 15:42:21.093971+02:00 | AGS | 195 | 20200312 

INFO:root:2020-04-10 15:42:21.143485+02:00 | AGT | 196 | 20200312 

INFO:root:2020-04-10 15:42:21.677310+02:00 | AGZ | 200 | 20200312 

INFO:root:2020-04-10 15:42:21.702767+02:00 | AGZD | 201 | 20200312 

INFO:root:2020-04-10 15:42:21.836543+02:00 | AGRO | 193 | 20200312 

INFO:root:2020-04-10 15:42:21.944848+02:00 | AHH-A | 205 | 20200312 

INFO:root:2020-04-10 15:42:21.960251+02:00 | AHL-D | 207 | 20200312 

INFO:root:2020-04-10 15:42:21.968745+02:00 | AHL-C | 206 | 20200312 

INFO:root:2020-04-10 15:42:22.028225+02:00 | AHPI | 209 | 20200312 

INFO:root:2020-04-10 15:42:22.214265+02:00 | AHL-E | 208 | 20200312 

INFO:root:2020-04-10 15:42:22.362644+02:00 | AHH | 204 | 20200312 

INFO:root:2020-04-10 15:42:22.553172+02:00 | AHT-D | 211 | 20200312 

INFO:root:2020-04-10 15:42:22.595614+02:00 | AHT-F | 212 | 20200312 

INFO:root:2020-04-10 15:42:22.663013+02:00 | AI-B | 217 | 20200312 

INFO:root:2020-04-10 15:42:22.962894+02:00 | AI-C | 218 | 20200312 

INFO:root:2020-04-10 15:42:23.004286+02:00 | AHT-G | 213 | 20200312 

INFO:root:2020-04-10 15:42:23.302969+02:00 | AIEQ | 221 | 20200312 

INFO:root:2020-04-10 15:42:23.514572+02:00 | AI | 216 | 20200312 

INFO:root:2020-04-10 15:42:23.524807+02:00 | AHT-H | 214 | 20200312 

INFO:root:2020-04-10 15:42:23.544029+02:00 | AHT | 210 | 20200312 

INFO:root:2020-04-10 15:42:23.730424+02:00 | AHT-I | 215 | 20200312 

INFO:root:2020-04-10 15:42:23.865315+02:00 | AIH | 226 | 20200312 

INFO:root:2020-04-10 15:42:24.231769+02:00 | AIA | 219 | 20200312 

INFO:root:2020-04-10 15:42:24.511077+02:00 | AIF | 222 | 20200312 

INFO:root:2020-04-10 15:42:24.664617+02:00 | AIC | 220 | 20200312 

INFO:root:2020-04-10 15:42:24.842176+02:00 | AIG-A | 225 | 20200312 

INFO:root:2020-04-10 15:42:24.849230+02:00 | AIKI | 229 | 20200312 | NONE
https://cloud.iexapis.com/stable/stock/AIKI/chart/date/20200312?format=csv&token=pk_ca15e9c3c2914162a9a558b5d42a2a05&chartIEXOnly=true

INFO:root:2020-04-10 15:42:24.860157+02:00 | AIG | 223 | 20200312 

INFO:root:2020-04-10 15:42:24.869612+02:00 | AIHS | 227 | 20200312 

INFO:root:2020-04-10 15:42:24.986336+02:00 | AIMC | 231 | 20200312 

INFO:root:2020-04-10 15:42:25.157021+02:00 | AINV | 235 | 20200312 

INFO:root:2020-04-10 15:42:25.254153+02:00 | AIG+ | 224 | 20200312 

INFO:root:2020-04-10 15:42:25.487703+02:00 | AIIQ | 228 | 20200312 

INFO:root:2020-04-10 15:42:25.493422+02:00 | AIQ | 237 | 20200312 

INFO:root:2020-04-10 15:42:25.639673+02:00 | AINC | 234 | 20200312 

INFO:root:2020-04-10 15:42:25.709994+02:00 | AIMT | 232 | 20200312 

INFO:root:2020-04-10 15:42:25.805194+02:00 | AIRG | 239 | 20200312 

INFO:root:2020-04-10 15:42:26.012611+02:00 | AIRT | 242 | 20200312 

INFO:root:2020-04-10 15:42:26.128318+02:00 | AIM | 230 | 20200312 

INFO:root:2020-04-10 15:42:26.157099+02:00 | AIN | 233 | 20200312 

INFO:root:2020-04-10 15:42:26.616668+02:00 | AIRTP | 243 | 20200312 

INFO:root:2020-04-10 15:42:26.637192+02:00 | AIT | 245 | 20200312 

INFO:root:2020-04-10 15:42:26.686487+02:00 | AIR | 238 | 20200312 

INFO:root:2020-04-10 15:42:26.694966+02:00 | AIO | 236 | 20200312 

INFO:root:2020-04-10 15:42:26.977371+02:00 | AIRI | 240 | 20200312 

INFO:root:2020-04-10 15:42:26.986034+02:00 | AIZP | 249 | 20200312 

INFO:root:2020-04-10 15:42:27.426307+02:00 | AIW | 247 | 20200312 

INFO:root:2020-04-10 15:42:27.522192+02:00 | AJG | 250 | 20200312 

INFO:root:2020-04-10 15:42:27.804531+02:00 | AIRTW | 244 | 20200312 

INFO:root:2020-04-10 15:42:28.106637+02:00 | AJX | 252 | 20200312 

INFO:root:2020-04-10 15:42:28.380131+02:00 | AKAM | 254 | 20200312 

INFO:root:2020-04-10 15:42:28.547740+02:00 | AIZ | 248 | 20200312 

INFO:root:2020-04-10 15:42:28.695839+02:00 | AJRD | 251 | 20200312 

INFO:root:2020-04-10 15:42:28.942761+02:00 | AIRR | 241 | 20200312 

INFO:root:2020-04-10 15:42:29.024982+02:00 | AIV | 246 | 20200312 

INFO:root:2020-04-10 15:42:29.032811+02:00 | AKO.A | 259 | 20200312 

INFO:root:2020-04-10 15:42:29.750475+02:00 | AKRO | 262 | 20200312 

INFO:root:2020-04-10 15:42:29.927849+02:00 | AJXA | 253 | 20200312 

INFO:root:2020-04-10 15:42:29.970659+02:00 | AKBA | 255 | 20200312 

INFO:root:2020-04-10 15:42:30.294525+02:00 | AKTS | 264 | 20200312 

INFO:root:2020-04-10 15:42:30.451057+02:00 | AKER | 257 | 20200312 

INFO:root:2020-04-10 15:42:30.460513+02:00 | AKG | 258 | 20200312 

INFO:root:2020-04-10 15:42:30.742107+02:00 | AL-A | 267 | 20200312 

INFO:root:2020-04-10 15:42:30.927003+02:00 | AKRX | 263 | 20200312 

INFO:root:2020-04-10 15:42:30.983541+02:00 | AKO.B | 260 | 20200312 

INFO:root:2020-04-10 15:42:31.027871+02:00 | AKR | 261 | 20200312 

INFO:root:2020-04-10 15:42:31.047628+02:00 | ALACR | 269 | 20200312 

INFO:root:2020-04-10 15:42:31.244282+02:00 | AKCA | 256 | 20200312 

INFO:root:2020-04-10 15:42:31.440635+02:00 | ALAC | 268 | 20200312 

INFO:root:2020-04-10 15:42:31.534634+02:00 | ALBO | 273 | 20200312 

INFO:root:2020-04-10 15:42:31.583932+02:00 | AL | 266 | 20200312 

INFO:root:2020-04-10 15:42:31.814741+02:00 | ALACU | 270 | 20200312 | NONE
https://cloud.iexapis.com/stable/stock/ALACU/chart/date/20200312?format=csv&token=pk_ca15e9c3c2914162a9a558b5d42a2a05&chartIEXOnly=true

INFO:root:2020-04-10 15:42:31.828032+02:00 | ALACW | 271 | 20200312 

INFO:root:
######################################################################
# Download for: 20200313
######################################################################

INFO:root:2020-04-10 15:43:10.960565+02:00 | AACG | 3 | 20200313 

INFO:root:2020-04-10 15:43:10.981985+02:00 | AADR | 4 | 20200313 

INFO:root:2020-04-10 15:43:10.988553+02:00 | AA | 1 | 20200313 

INFO:root:2020-04-10 15:43:10.989216+02:00 | AAAU | 2 | 20200313 

INFO:root:2020-04-10 15:43:11.000128+02:00 | A | 0 | 20200313 

INFO:root:2020-04-10 15:43:11.017902+02:00 | AAMC | 6 | 20200313 

INFO:root:2020-04-10 15:43:11.053079+02:00 | AAME | 7 | 20200313 

INFO:root:2020-04-10 15:43:11.080343+02:00 | AAL | 5 | 20200313 

INFO:root:2020-04-10 15:43:11.255997+02:00 | AAPL | 12 | 20200313 

INFO:root:2020-04-10 15:43:11.269131+02:00 | AAN | 8 | 20200313 

INFO:root:2020-04-10 15:43:11.274244+02:00 | AAP | 11 | 20200313 

INFO:root:2020-04-10 15:43:11.283146+02:00 | AAU | 14 | 20200313 

INFO:root:2020-04-10 15:43:11.288856+02:00 | AAT | 13 | 20200313 

INFO:root:2020-04-10 15:43:11.296114+02:00 | AAOI | 9 | 20200313 

INFO:root:2020-04-10 15:43:11.338356+02:00 | AAWW | 15 | 20200313 

INFO:root:2020-04-10 15:43:11.386393+02:00 | AAON | 10 | 20200313 

INFO:root:2020-04-10 15:43:11.536100+02:00 | AB | 18 | 20200313 

INFO:root:2020-04-10 15:43:11.544748+02:00 | AAXJ | 16 | 20200313 

INFO:root:2020-04-10 15:43:11.553376+02:00 | ABB | 19 | 20200313 

INFO:root:2020-04-10 15:43:11.561693+02:00 | ABBV | 20 | 20200313 

INFO:root:2020-04-10 15:43:11.578209+02:00 | AAXN | 17 | 20200313 

INFO:root:2020-04-10 15:43:11.588561+02:00 | ABCB | 22 | 20200313 

INFO:root:2020-04-10 15:43:11.641484+02:00 | ABEO | 23 | 20200313 

INFO:root:2020-04-10 15:43:11.797037+02:00 | ABG | 26 | 20200313 

INFO:root:2020-04-10 15:43:11.809797+02:00 | ABEV | 25 | 20200313 

INFO:root:2020-04-10 15:43:11.819771+02:00 | ABIO | 27 | 20200313 

INFO:root:2020-04-10 15:43:11.820819+02:00 | ABM | 28 | 20200313 

INFO:root:2020-04-10 15:43:11.827367+02:00 | ABEQ | 24 | 20200313 

INFO:root:2020-04-10 15:43:11.906183+02:00 | ABR | 30 | 20200313 

INFO:root:2020-04-10 15:43:12.046474+02:00 | ABMD | 29 | 20200313 

INFO:root:2020-04-10 15:43:12.052876+02:00 | ABR-A | 31 | 20200313 

INFO:root:2020-04-10 15:43:12.076712+02:00 | ABTX | 35 | 20200313 

INFO:root:2020-04-10 15:43:12.087125+02:00 | ABR-B | 32 | 20200313 

INFO:root:2020-04-10 15:43:12.127964+02:00 | ABT | 34 | 20200313 

INFO:root:2020-04-10 15:43:12.138670+02:00 | ABUS | 36 | 20200313 

INFO:root:2020-04-10 15:43:12.283060+02:00 | ACA | 38 | 20200313 

INFO:root:2020-04-10 15:43:12.325617+02:00 | AC | 37 | 20200313 

INFO:root:2020-04-10 15:43:12.330559+02:00 | ACAM | 40 | 20200313 

INFO:root:2020-04-10 15:43:12.339642+02:00 | ACAD | 39 | 20200313 

INFO:root:2020-04-10 15:43:12.360796+02:00 | ACAMW | 42 | 20200313 

INFO:root:2020-04-10 15:43:12.457740+02:00 | ACAMU | 41 | 20200313 | NONE
https://cloud.iexapis.com/stable/stock/ACAMU/chart/date/20200313?format=csv&token=pk_ca15e9c3c2914162a9a558b5d42a2a05&chartIEXOnly=true

INFO:root:2020-04-10 15:43:12.527673+02:00 | ABR-C | 33 | 20200313 

INFO:root:2020-04-10 15:43:12.537862+02:00 | ACB | 43 | 20200313 

INFO:root:2020-04-10 15:43:12.551563+02:00 | ACBI | 44 | 20200313 

INFO:root:2020-04-10 15:43:12.559518+02:00 | ACCO | 46 | 20200313 

INFO:root:2020-04-10 15:43:12.580273+02:00 | ACC | 45 | 20200313 

INFO:root:2020-04-10 15:43:12.589605+02:00 | ACEL | 47 | 20200313 

INFO:root:2020-04-10 15:43:12.695565+02:00 | ACEL+ | 48 | 20200313 

INFO:root:2020-04-10 15:43:12.775687+02:00 | ACER | 49 | 20200313 

INFO:root:2020-04-10 15:43:12.785988+02:00 | ACES | 50 | 20200313 

INFO:root:2020-04-10 15:43:12.789944+02:00 | ACGLO | 52 | 20200313 

INFO:root:2020-04-10 15:43:12.812247+02:00 | ACGLP | 53 | 20200313 

INFO:root:2020-04-10 15:43:12.821958+02:00 | ACH | 54 | 20200313 

INFO:root:2020-04-10 15:43:12.835519+02:00 | ACGL | 51 | 20200313 

INFO:root:2020-04-10 15:43:12.954524+02:00 | ACHC | 55 | 20200313 

INFO:root:2020-04-10 15:43:13.017988+02:00 | ACHV | 56 | 20200313 

INFO:root:2020-04-10 15:43:13.027977+02:00 | ACIO | 58 | 20200313 

INFO:root:2020-04-10 15:43:13.035658+02:00 | ACIA | 57 | 20200313 

INFO:root:2020-04-10 15:43:13.042403+02:00 | ACIU | 59 | 20200313 

INFO:root:2020-04-10 15:43:13.074728+02:00 | ACLS | 61 | 20200313 

INFO:root:2020-04-10 15:43:13.136170+02:00 | ACIW | 60 | 20200313 

INFO:root:2020-04-10 15:43:13.216744+02:00 | ACM | 62 | 20200313 

INFO:root:2020-04-10 15:43:13.246049+02:00 | ACMR | 63 | 20200313 

INFO:root:2020-04-10 15:43:13.262070+02:00 | ACNB | 65 | 20200313 

INFO:root:2020-04-10 15:43:13.298101+02:00 | ACOR | 66 | 20200313 

INFO:root:2020-04-10 15:43:13.314098+02:00 | ACN | 64 | 20200313 

INFO:root:2020-04-10 15:43:13.315865+02:00 | ACP | 67 | 20200313 

INFO:root:2020-04-10 15:43:13.395234+02:00 | ACRE | 68 | 20200313 

INFO:root:2020-04-10 15:43:13.494502+02:00 | ACSG | 71 | 20200313 

INFO:root:2020-04-10 15:43:13.544808+02:00 | ACSI | 72 | 20200313 

INFO:root:2020-04-10 15:43:13.555792+02:00 | ACT | 74 | 20200313 

INFO:root:2020-04-10 15:43:13.565415+02:00 | ACST | 73 | 20200313 

INFO:root:2020-04-10 15:43:13.570882+02:00 | ACRX | 70 | 20200313 

INFO:root:2020-04-10 15:43:13.578543+02:00 | ABC | 21 | 20200313 

INFO:root:2020-04-10 15:43:13.618924+02:00 | ACTG | 75 | 20200313 

INFO:root:2020-04-10 15:43:13.739489+02:00 | ACTT | 76 | 20200313 

INFO:root:2020-04-10 15:43:13.786723+02:00 | ACTTW | 78 | 20200313 

INFO:root:2020-04-10 15:43:13.828537+02:00 | ACTTU | 77 | 20200313 

INFO:root:2020-04-10 15:43:13.839778+02:00 | ACU | 79 | 20200313 

INFO:root:2020-04-10 15:43:13.847700+02:00 | ACWF | 81 | 20200313 

INFO:root:2020-04-10 15:43:13.855076+02:00 | ACV | 80 | 20200313 

INFO:root:2020-04-10 15:43:13.932977+02:00 | ACRS | 69 | 20200313 

INFO:root:2020-04-10 15:43:13.960213+02:00 | ACWV | 83 | 20200313 

INFO:root:
######################################################################
# Download for: 20200316
######################################################################

INFO:root:2020-04-10 15:50:37.524018+02:00 | AAAU | 2 | 20200316 

INFO:root:2020-04-10 15:50:37.534463+02:00 | A | 0 | 20200316 

INFO:root:2020-04-10 15:50:37.550612+02:00 | AA | 1 | 20200316 

INFO:root:2020-04-10 15:50:37.558871+02:00 | AACG | 3 | 20200316 

INFO:root:2020-04-10 15:50:37.566502+02:00 | AADR | 4 | 20200316 

INFO:root:2020-04-10 15:50:37.604383+02:00 | AAL | 5 | 20200316 

INFO:root:2020-04-10 15:50:37.624376+02:00 | AAMC | 6 | 20200316 

INFO:root:2020-04-10 15:50:37.675233+02:00 | AAME | 7 | 20200316 

INFO:root:2020-04-10 15:50:37.779828+02:00 | AAOI | 9 | 20200316 

INFO:root:2020-04-10 15:50:37.833044+02:00 | AAP | 11 | 20200316 

INFO:root:2020-04-10 15:50:37.839532+02:00 | AAON | 10 | 20200316 

INFO:root:2020-04-10 15:50:37.848154+02:00 | AAPL | 12 | 20200316 

INFO:root:2020-04-10 15:50:37.860680+02:00 | AAU | 14 | 20200316 

INFO:root:2020-04-10 15:50:37.900352+02:00 | AAN | 8 | 20200316 

INFO:root:2020-04-10 15:50:37.919232+02:00 | AAWW | 15 | 20200316 

INFO:root:2020-04-10 15:50:38.039749+02:00 | AAXJ | 16 | 20200316 

INFO:root:2020-04-10 15:50:38.076553+02:00 | AAXN | 17 | 20200316 

INFO:root:2020-04-10 15:50:38.098797+02:00 | AAT | 13 | 20200316 

INFO:root:2020-04-10 15:50:38.106771+02:00 | AB | 18 | 20200316 

INFO:root:2020-04-10 15:50:38.144951+02:00 | ABBV | 20 | 20200316 

INFO:root:2020-04-10 15:50:38.152980+02:00 | ABCB | 22 | 20200316 

INFO:root:2020-04-10 15:50:38.161539+02:00 | ABC | 21 | 20200316 

INFO:root:2020-04-10 15:50:38.272536+02:00 | ABB | 19 | 20200316 

INFO:root:2020-04-10 15:50:38.278461+02:00 | ABEO | 23 | 20200316 

INFO:root:2020-04-10 15:50:38.313153+02:00 | ABEQ | 24 | 20200316 

INFO:root:2020-04-10 15:50:38.354009+02:00 | ABG | 26 | 20200316 

INFO:root:
######################################################################
# Download for: 20200316
######################################################################

INFO:root:2020-04-10 15:52:29.561467+02:00 | TSLA | 1 | 20200316 

INFO:root:2020-04-10 15:52:30.395532+02:00 | AAPL | 0 | 20200316 

INFO:root:
######################################################################
# Download for: 20200317
######################################################################

INFO:root:2020-04-10 15:52:32.634332+02:00 | TSLA | 1 | 20200317 

INFO:root:2020-04-10 15:52:33.876462+02:00 | AAPL | 0 | 20200317 

INFO:root:
######################################################################
# Download for: 20200318
######################################################################

INFO:root:2020-04-10 15:52:34.584764+02:00 | AAPL | 0 | 20200318 

INFO:root:2020-04-10 15:52:34.604958+02:00 | TSLA | 1 | 20200318 

INFO:root:
######################################################################
# Download for: 20200319
######################################################################

INFO:root:2020-04-10 15:52:36.643788+02:00 | TSLA | 1 | 20200319 

INFO:root:2020-04-10 15:52:37.978404+02:00 | AAPL | 0 | 20200319 

INFO:root:
######################################################################
# Download for: 20200320
######################################################################

INFO:root:2020-04-10 15:52:38.653930+02:00 | TSLA | 1 | 20200320 

INFO:root:2020-04-10 15:52:38.663251+02:00 | AAPL | 0 | 20200320 

INFO:root:
######################################################################
# Download for: 20200323
######################################################################

INFO:root:2020-04-10 15:52:39.305388+02:00 | AAPL | 0 | 20200323 

INFO:root:2020-04-10 15:52:39.320389+02:00 | TSLA | 1 | 20200323 

INFO:root:
######################################################################
# Download for: 20200324
######################################################################

INFO:root:2020-04-10 15:52:39.955912+02:00 | AAPL | 0 | 20200324 

INFO:root:2020-04-10 15:52:39.967052+02:00 | TSLA | 1 | 20200324 

INFO:root:
######################################################################
# Download for: 20200325
######################################################################

INFO:root:2020-04-10 15:52:40.643541+02:00 | AAPL | 0 | 20200325 

INFO:root:2020-04-10 15:52:40.682861+02:00 | TSLA | 1 | 20200325 

INFO:root:
######################################################################
# Download for: 20200326
######################################################################

INFO:root:2020-04-10 15:52:41.338540+02:00 | AAPL | 0 | 20200326 

INFO:root:2020-04-10 15:52:41.368467+02:00 | TSLA | 1 | 20200326 

INFO:root:
######################################################################
# Download for: 20200327
######################################################################

INFO:root:2020-04-10 15:52:42.099377+02:00 | AAPL | 0 | 20200327 

INFO:root:2020-04-10 15:52:42.125818+02:00 | TSLA | 1 | 20200327 

INFO:root:
######################################################################
# Download for: 20200330
######################################################################

INFO:root:2020-04-10 15:52:42.784808+02:00 | AAPL | 0 | 20200330 

INFO:root:2020-04-10 15:52:42.896129+02:00 | TSLA | 1 | 20200330 

INFO:root:
######################################################################
# Download for: 20200331
######################################################################

INFO:root:2020-04-10 15:52:43.530065+02:00 | AAPL | 0 | 20200331 

INFO:root:2020-04-10 15:52:43.578692+02:00 | TSLA | 1 | 20200331 

INFO:root:
######################################################################
# Download for: 20200401
######################################################################

INFO:root:2020-04-10 15:52:44.224481+02:00 | AAPL | 0 | 20200401 

INFO:root:2020-04-10 15:52:44.247698+02:00 | TSLA | 1 | 20200401 

INFO:root:
######################################################################
# Download for: 20200402
######################################################################

INFO:root:2020-04-10 15:52:45.111024+02:00 | TSLA | 1 | 20200402 

INFO:root:2020-04-10 15:52:45.129354+02:00 | AAPL | 0 | 20200402 

INFO:root:
######################################################################
# Download for: 20200403
######################################################################

INFO:root:2020-04-10 15:52:45.843414+02:00 | AAPL | 0 | 20200403 

INFO:root:2020-04-10 15:52:45.879494+02:00 | TSLA | 1 | 20200403 

INFO:root:
######################################################################
# Download for: 20200406
######################################################################

INFO:root:2020-04-10 15:52:46.521316+02:00 | TSLA | 1 | 20200406 

INFO:root:2020-04-10 15:52:46.532499+02:00 | AAPL | 0 | 20200406 

INFO:root:
######################################################################
# Download for: 20200407
######################################################################

INFO:root:2020-04-10 15:52:47.246594+02:00 | TSLA | 1 | 20200407 

INFO:root:2020-04-10 15:52:47.254329+02:00 | AAPL | 0 | 20200407 

INFO:root:
######################################################################
# Download for: 20200408
######################################################################

INFO:root:2020-04-10 15:52:48.054008+02:00 | TSLA | 1 | 20200408 

INFO:root:2020-04-10 15:52:48.055775+02:00 | AAPL | 0 | 20200408 

INFO:root:
######################################################################
# Download for: 20200409
######################################################################

INFO:root:2020-04-10 15:52:48.862954+02:00 | TSLA | 1 | 20200409 

INFO:root:2020-04-10 15:52:48.871643+02:00 | AAPL | 0 | 20200409 

